# JRE version: OpenJDK Runtime Environment (8.0_242-b01) (build 1.8.0_242-release-1644-b01)
# Java VM: OpenJDK 64-Bit Server VM (25.242-b01 mixed mode windows-amd64 compressed oops)
Heap:
 PSYoungGen      total 504320K, used 202566K [0x00000000d5580000, 0x00000000f8d00000, 0x0000000100000000)
  eden space 434688K, 43% used [0x00000000d5580000,0x00000000e0d53630,0x00000000efe00000)
  from space 69632K, 20% used [0x00000000f4900000,0x00000000f56fe438,0x00000000f8d00000)
  to   space 73216K, 0% used [0x00000000efe00000,0x00000000efe00000,0x00000000f4580000)
 ParOldGen       total 231936K, used 71708K [0x0000000080000000, 0x000000008e280000, 0x00000000d5580000)
  object space 231936K, 30% used [0x0000000080000000,0x00000000846071a8,0x000000008e280000)
 Metaspace       used 118020K, capacity 126619K, committed 130200K, reserved 1163264K
  class space    used 14899K, capacity 16297K, committed 17072K, reserved 1048576K
GC Heap History (10 events):
Event: 10199.257 GC heap before
{Heap before GC invocations=59 (full 5):
 PSYoungGen      total 501248K, used 423007K [0x00000000d5580000, 0x00000000f9580000, 0x0000000100000000)
  eden space 417792K, 99% used [0x00000000d5580000,0x00000000eed7f9c0,0x00000000eed80000)
  from space 83456K, 6% used [0x00000000eed80000,0x00000000ef298600,0x00000000f3f00000)
  to   space 84480K, 0% used [0x00000000f4300000,0x00000000f4300000,0x00000000f9580000)
 ParOldGen       total 231936K, used 71668K [0x0000000080000000, 0x000000008e280000, 0x00000000d5580000)
  object space 231936K, 30% used [0x0000000080000000,0x00000000845fd1a8,0x000000008e280000)
 Metaspace       used 117700K, capacity 126261K, committed 130200K, reserved 1163264K
  class space    used 14898K, capacity 16296K, committed 17072K, reserved 1048576K
Event: 10199.285 GC heap after
Heap after GC invocations=59 (full 5):
 PSYoungGen      total 507392K, used 28152K [0x00000000d5580000, 0x00000000f9380000, 0x0000000100000000)
  eden space 424960K, 0% used [0x00000000d5580000,0x00000000d5580000,0x00000000ef480000)
  from space 82432K, 34% used [0x00000000f4300000,0x00000000f5e7e358,0x00000000f9380000)
  to   space 80384K, 0% used [0x00000000ef480000,0x00000000ef480000,0x00000000f4300000)
 ParOldGen       total 231936K, used 71676K [0x0000000080000000, 0x000000008e280000, 0x00000000d5580000)
  object space 231936K, 30% used [0x0000000080000000,0x00000000845ff1a8,0x000000008e280000)
 Metaspace       used 117700K, capacity 126261K, committed 130200K, reserved 1163264K
  class space    used 14898K, capacity 16296K, committed 17072K, reserved 1048576K
}
Event: 10339.833 GC heap before
{Heap before GC invocations=60 (full 5):
 PSYoungGen      total 507392K, used 453112K [0x00000000d5580000, 0x00000000f9380000, 0x0000000100000000)
  eden space 424960K, 100% used [0x00000000d5580000,0x00000000ef480000,0x00000000ef480000)
  from space 82432K, 34% used [0x00000000f4300000,0x00000000f5e7e358,0x00000000f9380000)
  to   space 80384K, 0% used [0x00000000ef480000,0x00000000ef480000,0x00000000f4300000)
 ParOldGen       total 231936K, used 71676K [0x0000000080000000, 0x000000008e280000, 0x00000000d5580000)
  object space 231936K, 30% used [0x0000000080000000,0x00000000845ff1a8,0x000000008e280000)
 Metaspace       used 117774K, capacity 126281K, committed 130200K, reserved 1163264K
  class space    used 14898K, capacity 16296K, committed 17072K, reserved 1048576K
Event: 10339.847 GC heap after
Heap after GC invocations=60 (full 5):
 PSYoungGen      total 505344K, used 14187K [0x00000000d5580000, 0x00000000f9580000, 0x0000000100000000)
  eden space 424960K, 0% used [0x00000000d5580000,0x00000000d5580000,0x00000000ef480000)
  from space 80384K, 17% used [0x00000000ef480000,0x00000000f025ac18,0x00000000f4300000)
  to   space 78848K, 0% used [0x00000000f4880000,0x00000000f4880000,0x00000000f9580000)
 ParOldGen       total 231936K, used 71684K [0x0000000080000000, 0x000000008e280000, 0x00000000d5580000)
  object space 231936K, 30% used [0x0000000080000000,0x00000000846011a8,0x000000008e280000)
 Metaspace       used 117774K, capacity 126281K, committed 130200K, reserved 1163264K
  class space    used 14898K, capacity 16296K, committed 17072K, reserved 1048576K
}
Event: 10375.253 GC heap before
{Heap before GC invocations=61 (full 5):
 PSYoungGen      total 505344K, used 439140K [0x00000000d5580000, 0x00000000f9580000, 0x0000000100000000)
  eden space 424960K, 99% used [0x00000000d5580000,0x00000000ef47e468,0x00000000ef480000)
  from space 80384K, 17% used [0x00000000ef480000,0x00000000f025ac18,0x00000000f4300000)
  to   space 78848K, 0% used [0x00000000f4880000,0x00000000f4880000,0x00000000f9580000)
 ParOldGen       total 231936K, used 71684K [0x0000000080000000, 0x000000008e280000, 0x00000000d5580000)
  object space 231936K, 30% used [0x0000000080000000,0x00000000846011a8,0x000000008e280000)
 Metaspace       used 117828K, capacity 126353K, committed 130200K, reserved 1163264K
  class space    used 14898K, capacity 16296K, committed 17072K, reserved 1048576K
Event: 10375.261 GC heap after
Heap after GC invocations=61 (full 5):
 PSYoungGen      total 506880K, used 10221K [0x00000000d5580000, 0x00000000f9280000, 0x0000000100000000)
  eden space 431104K, 0% used [0x00000000d5580000,0x00000000d5580000,0x00000000efa80000)
  from space 75776K, 13% used [0x00000000f4880000,0x00000000f527b740,0x00000000f9280000)
  to   space 77824K, 0% used [0x00000000efa80000,0x00000000efa80000,0x00000000f4680000)
 ParOldGen       total 231936K, used 71692K [0x0000000080000000, 0x000000008e280000, 0x00000000d5580000)
  object space 231936K, 30% used [0x0000000080000000,0x00000000846031a8,0x000000008e280000)
 Metaspace       used 117828K, capacity 126353K, committed 130200K, reserved 1163264K
  class space    used 14898K, capacity 16296K, committed 17072K, reserved 1048576K
}
Event: 10512.713 GC heap before
{Heap before GC invocations=62 (full 5):
 PSYoungGen      total 506880K, used 441325K [0x00000000d5580000, 0x00000000f9280000, 0x0000000100000000)
  eden space 431104K, 100% used [0x00000000d5580000,0x00000000efa80000,0x00000000efa80000)
  from space 75776K, 13% used [0x00000000f4880000,0x00000000f527b740,0x00000000f9280000)
  to   space 77824K, 0% used [0x00000000efa80000,0x00000000efa80000,0x00000000f4680000)
 ParOldGen       total 231936K, used 71692K [0x0000000080000000, 0x000000008e280000, 0x00000000d5580000)
  object space 231936K, 30% used [0x0000000080000000,0x00000000846031a8,0x000000008e280000)
 Metaspace       used 117918K, capacity 126549K, committed 130200K, reserved 1163264K
  class space    used 14898K, capacity 16296K, committed 17072K, reserved 1048576K
Event: 10512.741 GC heap after
Heap after GC invocations=62 (full 5):
 PSYoungGen      total 508928K, used 14368K [0x00000000d5580000, 0x00000000f9300000, 0x0000000100000000)
  eden space 431104K, 0% used [0x00000000d5580000,0x00000000d5580000,0x00000000efa80000)
  from space 77824K, 18% used [0x00000000efa80000,0x00000000f08882c8,0x00000000f4680000)
  to   space 75776K, 0% used [0x00000000f4900000,0x00000000f4900000,0x00000000f9300000)
 ParOldGen       total 231936K, used 71700K [0x0000000080000000, 0x000000008e280000, 0x00000000d5580000)
  object space 231936K, 30% used [0x0000000080000000,0x00000000846051a8,0x000000008e280000)
 Metaspace       used 117918K, capacity 126549K, committed 130200K, reserved 1163264K
  class space    used 14898K, capacity 16296K, committed 17072K, reserved 1048576K
}
Event: 12090.144 GC heap before
{Heap before GC invocations=63 (full 5):
 PSYoungGen      total 508928K, used 445472K [0x00000000d5580000, 0x00000000f9300000, 0x0000000100000000)
  eden space 431104K, 100% used [0x00000000d5580000,0x00000000efa80000,0x00000000efa80000)
  from space 77824K, 18% used [0x00000000efa80000,0x00000000f08882c8,0x00000000f4680000)
  to   space 75776K, 0% used [0x00000000f4900000,0x00000000f4900000,0x00000000f9300000)
 ParOldGen       total 231936K, used 71700K [0x0000000080000000, 0x000000008e280000, 0x00000000d5580000)
  object space 231936K, 30% used [0x0000000080000000,0x00000000846051a8,0x000000008e280000)
 Metaspace       used 118003K, capacity 126619K, committed 130200K, reserved 1163264K
  class space    used 14899K, capacity 16297K, committed 17072K, reserved 1048576K
Event: 12090.165 GC heap after
Heap after GC invocations=63 (full 5):
 PSYoungGen      total 504320K, used 14329K [0x00000000d5580000, 0x00000000f8d00000, 0x0000000100000000)
  eden space 434688K, 0% used [0x00000000d5580000,0x00000000d5580000,0x00000000efe00000)
  from space 69632K, 20% used [0x00000000f4900000,0x00000000f56fe438,0x00000000f8d00000)
  to   space 73216K, 0% used [0x00000000efe00000,0x00000000efe00000,0x00000000f4580000)
 ParOldGen       total 231936K, used 71708K [0x0000000080000000, 0x000000008e280000, 0x00000000d5580000)
  object space 231936K, 30% used [0x0000000080000000,0x00000000846071a8,0x000000008e280000)
 Metaspace       used 118003K, capacity 126619K, committed 130200K, reserved 1163264K
  class space    used 14899K, capacity 16297K, committed 17072K, reserved 1048576K
}

